<?xml version="1.0" encoding="UTF-8"?>
<coverage generated="1648048667503" clover="3.2.0">
  <project timestamp="1648048667503" name="All files">
    <metrics statements="22" coveredstatements="10" conditionals="7" coveredconditionals="0" methods="14" coveredmethods="2" elements="43" coveredelements="12" complexity="0" loc="22" ncloc="22" packages="2" files="3" classes="3"/>
    <package name="model">
      <metrics statements="3" coveredstatements="3" conditionals="0" coveredconditionals="0" methods="0" coveredmethods="0"/>
      <file name="base.model.ts" path="D:\Projects\swiftcloud\src\model\base.model.ts">
        <metrics statements="1" coveredstatements="1" conditionals="0" coveredconditionals="0" methods="0" coveredmethods="0"/>
        <line num="1" count="1" type="stmt"/>
      </file>
      <file name="song.model.ts" path="D:\Projects\swiftcloud\src\model\song.model.ts">
        <metrics statements="2" coveredstatements="2" conditionals="0" coveredconditionals="0" methods="0" coveredmethods="0"/>
        <line num="1" count="1" type="stmt"/>
        <line num="4" count="1" type="stmt"/>
      </file>
    </package>
    <package name="services">
      <metrics statements="19" coveredstatements="7" conditionals="7" coveredconditionals="0" methods="14" coveredmethods="2"/>
      <file name="song.service.ts" path="D:\Projects\swiftcloud\src\services\song.service.ts">
        <metrics statements="19" coveredstatements="7" conditionals="7" coveredconditionals="0" methods="14" coveredmethods="2"/>
        <line num="3" count="1" type="stmt"/>
        <line num="6" count="1" type="stmt"/>
        <line num="9" count="1" type="stmt"/>
        <line num="10" count="1" type="stmt"/>
        <line num="15" count="1" type="stmt"/>
        <line num="16" count="1" type="stmt"/>
        <line num="27" count="0" type="stmt"/>
        <line num="28" count="0" type="stmt"/>
        <line num="29" count="0" type="stmt"/>
        <line num="33" count="0" type="stmt"/>
        <line num="37" count="1" type="stmt"/>
        <line num="51" count="0" type="cond" truecount="0" falsecount="1"/>
        <line num="52" count="0" type="cond" truecount="0" falsecount="1"/>
        <line num="53" count="0" type="cond" truecount="0" falsecount="1"/>
        <line num="54" count="0" type="cond" truecount="0" falsecount="1"/>
        <line num="55" count="0" type="cond" truecount="0" falsecount="1"/>
        <line num="56" count="0" type="cond" truecount="0" falsecount="1"/>
        <line num="57" count="0" type="cond" truecount="0" falsecount="1"/>
        <line num="59" count="0" type="stmt"/>
      </file>
    </package>
  </project>
</coverage>
