{"D:\\Projects\\swiftcloud\\src\\model\\base.model.ts": {"path":"D:\\Projects\\swiftcloud\\src\\model\\base.model.ts","statementMap":{"0":{"start":{"line":1,"column":0},"end":{"line":1,"column":30}}},"fnMap":{},"branchMap":{},"s":{"0":1},"f":{},"b":{}}
,"D:\\Projects\\swiftcloud\\src\\model\\song.model.ts": {"path":"D:\\Projects\\swiftcloud\\src\\model\\song.model.ts","statementMap":{"0":{"start":{"line":1,"column":0},"end":{"line":1,"column":37}},"1":{"start":{"line":4,"column":0},"end":{"line":4,"column":13}}},"fnMap":{},"branchMap":{},"s":{"0":1,"1":1},"f":{},"b":{}}
,"D:\\Projects\\swiftcloud\\src\\services\\song.service.ts": {"path":"D:\\Projects\\swiftcloud\\src\\services\\song.service.ts","statementMap":{"0":{"start":{"line":3,"column":0},"end":{"line":3,"column":43}},"1":{"start":{"line":9,"column":21},"end":{"line":9,"column":42}},"2":{"start":{"line":10,"column":21},"end":{"line":10,"column":43}},"3":{"start":{"line":15,"column":8},"end":{"line":15,"column":47}},"4":{"start":{"line":16,"column":8},"end":{"line":16,"column":55}},"5":{"start":{"line":27,"column":21},"end":{"line":27,"column":84}},"6":{"start":{"line":28,"column":24},"end":{"line":28,"column":72}},"7":{"start":{"line":29,"column":8},"end":{"line":29,"column":59}},"8":{"start":{"line":33,"column":22},"end":{"line":33,"column":43}},"9":{"start":{"line":37,"column":8},"end":{"line":37,"column":21}},"10":{"start":{"line":51,"column":8},"end":{"line":51,"column":88}},"11":{"start":{"line":51,"column":26},"end":{"line":51,"column":88}},"12":{"start":{"line":51,"column":59},"end":{"line":51,"column":86}},"13":{"start":{"line":52,"column":8},"end":{"line":52,"column":121}},"14":{"start":{"line":52,"column":27},"end":{"line":52,"column":121}},"15":{"start":{"line":52,"column":60},"end":{"line":52,"column":119}},"16":{"start":{"line":52,"column":88},"end":{"line":52,"column":118}},"17":{"start":{"line":53,"column":8},"end":{"line":53,"column":121}},"18":{"start":{"line":53,"column":27},"end":{"line":53,"column":121}},"19":{"start":{"line":53,"column":60},"end":{"line":53,"column":119}},"20":{"start":{"line":53,"column":88},"end":{"line":53,"column":118}},"21":{"start":{"line":54,"column":8},"end":{"line":54,"column":88}},"22":{"start":{"line":54,"column":26},"end":{"line":54,"column":88}},"23":{"start":{"line":54,"column":59},"end":{"line":54,"column":86}},"24":{"start":{"line":55,"column":8},"end":{"line":55,"column":85}},"25":{"start":{"line":55,"column":25},"end":{"line":55,"column":85}},"26":{"start":{"line":55,"column":58},"end":{"line":55,"column":83}},"27":{"start":{"line":56,"column":8},"end":{"line":56,"column":114}},"28":{"start":{"line":56,"column":34},"end":{"line":56,"column":114}},"29":{"start":{"line":56,"column":67},"end":{"line":56,"column":112}},"30":{"start":{"line":57,"column":8},"end":{"line":57,"column":114}},"31":{"start":{"line":57,"column":34},"end":{"line":57,"column":114}},"32":{"start":{"line":57,"column":67},"end":{"line":57,"column":112}},"33":{"start":{"line":59,"column":8},"end":{"line":59,"column":34}},"34":{"start":{"line":6,"column":0},"end":{"line":6,"column":13}}},"fnMap":{"0":{"name":"(anonymous_7)","decl":{"start":{"line":14,"column":4},"end":{"line":14,"column":16}},"loc":{"start":{"line":14,"column":110},"end":{"line":17,"column":5}}},"1":{"name":"(anonymous_8)","decl":{"start":{"line":26,"column":10},"end":{"line":26,"column":18}},"loc":{"start":{"line":26,"column":75},"end":{"line":30,"column":null}}},"2":{"name":"(anonymous_10)","decl":{"start":{"line":32,"column":10},"end":{"line":32,"column":25}},"loc":{"start":{"line":32,"column":39},"end":{"line":34,"column":null}}},"3":{"name":"(anonymous_12)","decl":{"start":{"line":36,"column":4},"end":{"line":36,"column":7}},"loc":{"start":{"line":36,"column":12},"end":{"line":38,"column":5}}},"4":{"name":"(anonymous_13)","decl":{"start":{"line":50,"column":12},"end":{"line":50,"column":27}},"loc":{"start":{"line":50,"column":104},"end":{"line":60,"column":5}}},"5":{"name":"(anonymous_14)","decl":{"start":{"line":51,"column":51},"end":{"line":51,"column":55}},"loc":{"start":{"line":51,"column":59},"end":{"line":51,"column":86}}},"6":{"name":"(anonymous_15)","decl":{"start":{"line":52,"column":52},"end":{"line":52,"column":56}},"loc":{"start":{"line":52,"column":60},"end":{"line":52,"column":119}}},"7":{"name":"(anonymous_16)","decl":{"start":{"line":52,"column":78},"end":{"line":52,"column":84}},"loc":{"start":{"line":52,"column":88},"end":{"line":52,"column":118}}},"8":{"name":"(anonymous_17)","decl":{"start":{"line":53,"column":52},"end":{"line":53,"column":56}},"loc":{"start":{"line":53,"column":60},"end":{"line":53,"column":119}}},"9":{"name":"(anonymous_18)","decl":{"start":{"line":53,"column":78},"end":{"line":53,"column":84}},"loc":{"start":{"line":53,"column":88},"end":{"line":53,"column":118}}},"10":{"name":"(anonymous_19)","decl":{"start":{"line":54,"column":51},"end":{"line":54,"column":55}},"loc":{"start":{"line":54,"column":59},"end":{"line":54,"column":86}}},"11":{"name":"(anonymous_20)","decl":{"start":{"line":55,"column":50},"end":{"line":55,"column":54}},"loc":{"start":{"line":55,"column":58},"end":{"line":55,"column":83}}},"12":{"name":"(anonymous_21)","decl":{"start":{"line":56,"column":59},"end":{"line":56,"column":63}},"loc":{"start":{"line":56,"column":67},"end":{"line":56,"column":112}}},"13":{"name":"(anonymous_22)","decl":{"start":{"line":57,"column":59},"end":{"line":57,"column":63}},"loc":{"start":{"line":57,"column":67},"end":{"line":57,"column":112}}}},"branchMap":{"0":{"loc":{"start":{"line":51,"column":8},"end":{"line":51,"column":88}},"type":"if","locations":[{"start":{"line":51,"column":8},"end":{"line":51,"column":88}}]},"1":{"loc":{"start":{"line":52,"column":8},"end":{"line":52,"column":121}},"type":"if","locations":[{"start":{"line":52,"column":8},"end":{"line":52,"column":121}}]},"2":{"loc":{"start":{"line":53,"column":8},"end":{"line":53,"column":121}},"type":"if","locations":[{"start":{"line":53,"column":8},"end":{"line":53,"column":121}}]},"3":{"loc":{"start":{"line":54,"column":8},"end":{"line":54,"column":88}},"type":"if","locations":[{"start":{"line":54,"column":8},"end":{"line":54,"column":88}}]},"4":{"loc":{"start":{"line":55,"column":8},"end":{"line":55,"column":85}},"type":"if","locations":[{"start":{"line":55,"column":8},"end":{"line":55,"column":85}}]},"5":{"loc":{"start":{"line":56,"column":8},"end":{"line":56,"column":114}},"type":"if","locations":[{"start":{"line":56,"column":8},"end":{"line":56,"column":114}}]},"6":{"loc":{"start":{"line":57,"column":8},"end":{"line":57,"column":114}},"type":"if","locations":[{"start":{"line":57,"column":8},"end":{"line":57,"column":114}}]}},"s":{"0":1,"1":1,"2":1,"3":1,"4":1,"5":0,"6":0,"7":0,"8":0,"9":1,"10":0,"11":0,"12":0,"13":0,"14":0,"15":0,"16":0,"17":0,"18":0,"19":0,"20":0,"21":0,"22":0,"23":0,"24":0,"25":0,"26":0,"27":0,"28":0,"29":0,"30":0,"31":0,"32":0,"33":0,"34":1},"f":{"0":1,"1":0,"2":0,"3":1,"4":0,"5":0,"6":0,"7":0,"8":0,"9":0,"10":0,"11":0,"12":0,"13":0},"b":{"0":[0],"1":[0],"2":[0],"3":[0],"4":[0],"5":[0],"6":[0]}}
}
