TN:
SF:src\model\base.model.ts
FNF:0
FNH:0
DA:1,1
LF:1
LH:1
BRF:0
BRH:0
end_of_record
TN:
SF:src\model\song.model.ts
FNF:0
FNH:0
DA:1,1
DA:4,1
LF:2
LH:2
BRF:0
BRH:0
end_of_record
TN:
SF:src\services\song.service.ts
FN:14,(anonymous_7)
FN:26,(anonymous_8)
FN:32,(anonymous_10)
FN:36,(anonymous_12)
FN:50,(anonymous_13)
FN:51,(anonymous_14)
FN:52,(anonymous_15)
FN:52,(anonymous_16)
FN:53,(anonymous_17)
FN:53,(anonymous_18)
FN:54,(anonymous_19)
FN:55,(anonymous_20)
FN:56,(anonymous_21)
FN:57,(anonymous_22)
FNF:14
FNH:2
FNDA:1,(anonymous_7)
FNDA:0,(anonymous_8)
FNDA:0,(anonymous_10)
FNDA:1,(anonymous_12)
FNDA:0,(anonymous_13)
FNDA:0,(anonymous_14)
FNDA:0,(anonymous_15)
FNDA:0,(anonymous_16)
FNDA:0,(anonymous_17)
FNDA:0,(anonymous_18)
FNDA:0,(anonymous_19)
FNDA:0,(anonymous_20)
FNDA:0,(anonymous_21)
FNDA:0,(anonymous_22)
DA:3,1
DA:6,1
DA:9,1
DA:10,1
DA:15,1
DA:16,1
DA:27,0
DA:28,0
DA:29,0
DA:33,0
DA:37,1
DA:51,0
DA:52,0
DA:53,0
DA:54,0
DA:55,0
DA:56,0
DA:57,0
DA:59,0
LF:19
LH:7
BRDA:51,0,0,0
BRDA:52,1,0,0
BRDA:53,2,0,0
BRDA:54,3,0,0
BRDA:55,4,0,0
BRDA:56,5,0,0
BRDA:57,6,0,0
BRF:7
BRH:0
end_of_record
